current directory: /Users/voutasaurus/github.com/voutasaurus/train/ruby_gems/gems/msgpack-1.5.6/ext/msgpack
/nix/store/zk2fhqzacf0pfap22n8hnffbj9z3yx96-ruby-3.0.4/bin/ruby -I /nix/store/zk2fhqzacf0pfap22n8hnffbj9z3yx96-ruby-3.0.4/lib/ruby/3.0.0 -r ./siteconf20220920-90228-2da9y4.rb extconf.rb
checking for ruby/st.h... yes
checking for st.h... no
checking for rb_enc_interned_str() in ruby.h... yes
checking for rb_hash_new_capa() in ruby.h... no
creating Makefile

current directory: /Users/voutasaurus/github.com/voutasaurus/train/ruby_gems/gems/msgpack-1.5.6/ext/msgpack
make DESTDIR\= clean

current directory: /Users/voutasaurus/github.com/voutasaurus/train/ruby_gems/gems/msgpack-1.5.6/ext/msgpack
make DESTDIR\=
compiling buffer.c
compiling buffer_class.c
compiling extension_value_class.c
compiling factory_class.c
compiling packer.c
compiling packer_class.c
compiling packer_ext_registry.c
compiling rbinit.c
compiling rmem.c
compiling unpacker.c
compiling unpacker_class.c
compiling unpacker_ext_registry.c
linking shared-object msgpack/msgpack.bundle
ld: warning: directory not found for option '-L/nix/store/eeeeeeeeeeeeeeeeeeeeeeeeeeeeeeee-clang-wrapper-11.1.0/resource-root/lib'

current directory: /Users/voutasaurus/github.com/voutasaurus/train/ruby_gems/gems/msgpack-1.5.6/ext/msgpack
make DESTDIR\= install
/nix/store/q5adnlrxq08zr1cik50mriw63jz1jpg5-coreutils-9.0/bin/install -c -m 0755 msgpack.bundle ./.gem.20220920-90228-l1xjqc/msgpack
