have_func: checking for rb_block_call()... -------------------- yes

"clang -fdeclspec -o conftest -I/nix/store/zk2fhqzacf0pfap22n8hnffbj9z3yx96-ruby-3.0.4/include/ruby-3.0.0/arm64-darwin21 -I/nix/store/zk2fhqzacf0pfap22n8hnffbj9z3yx96-ruby-3.0.4/include/ruby-3.0.0/ruby/backward -I/nix/store/zk2fhqzacf0pfap22n8hnffbj9z3yx96-ruby-3.0.4/include/ruby-3.0.0 -I. -D_XOPEN_SOURCE -D_DARWIN_C_SOURCE -D_DARWIN_UNLIMITED_SELECT -D_REENTRANT   -O3 -ggdb3 -Wall -Wextra -Wdeprecated-declarations -Wdivision-by-zero -Wimplicit-function-declaration -Wimplicit-int -Wmisleading-indentation -Wpointer-arith -Wshorten-64-to-32 -Wwrite-strings -Wmissing-noreturn -Wno-constant-logical-operand -Wno-long-long -Wno-missing-field-initializers -Wno-overlength-strings -Wno-parentheses-equality -Wno-self-assign -Wno-tautological-compare -Wno-unused-parameter -Wno-unused-value -Wunused-variable -Wextra-tokens -fno-common -pipe conftest.c  -L. -L/nix/store/zk2fhqzacf0pfap22n8hnffbj9z3yx96-ruby-3.0.4/lib -L. -fstack-protector-strong -L/nix/store/i7jiw3zzib7sm0hfkmdkl2525yrhmpj2-gettext-0.21/lib -L/nix/store/vfwhkl9miw5h4955rzp9la5yyy0q2zli-libffi-3.4.2-dev/lib -L/nix/store/97zb7agxm5ag5niyxhf2mjbdm5sq1kb3-ncurses-6.2-dev/lib -L/nix/store/3vrxhq4fwlx7j9dad2va2481malfj6l4-zlib-1.2.12-dev/lib -L/nix/store/8psnqj6xv8jhqhxgwab35y9xcwxl6g8p-openssl-1.1.1o-dev/lib -L/nix/store/fnwrplqlsx1qzbwfx8l8p9j1v152xjb4-gdbm-1.20/lib -L/nix/store/s692kf9n0klnkhijsd0bdfmmdmqss75k-libyaml-0.2.5/lib -L/nix/store/hnnnnihav55z9zs5pngg18h0v80rgbd2-libiconv-50/lib -L/nix/store/alza34rj89hzx2bjm4bn6wcqr9b4mp1b-libobjc-11.0.0/lib -L/nix/store/nw3lbhn0gj968d8csqliv5akd7s7r8mw-libobjc-11.0.0/lib -L/nix/store/eeeeeeeeeeeeeeeeeeeeeeeeeeeeeeee-clang-wrapper-11.1.0/resource-root/lib -L/nix/store/brjkxprm5sw1nymsnm8q750i14rbaq2h-libSystem-11.0.0/lib  -m64   -lruby-3.0.4   "
ld: warning: directory not found for option '-L/nix/store/eeeeeeeeeeeeeeeeeeeeeeeeeeeeeeee-clang-wrapper-11.1.0/resource-root/lib'
checked program was:
/* begin */
1: #include "ruby.h"
2: 
3: int main(int argc, char **argv)
4: {
5:   return !!argv[argc];
6: }
/* end */

"clang -fdeclspec -o conftest -I/nix/store/zk2fhqzacf0pfap22n8hnffbj9z3yx96-ruby-3.0.4/include/ruby-3.0.0/arm64-darwin21 -I/nix/store/zk2fhqzacf0pfap22n8hnffbj9z3yx96-ruby-3.0.4/include/ruby-3.0.0/ruby/backward -I/nix/store/zk2fhqzacf0pfap22n8hnffbj9z3yx96-ruby-3.0.4/include/ruby-3.0.0 -I. -D_XOPEN_SOURCE -D_DARWIN_C_SOURCE -D_DARWIN_UNLIMITED_SELECT -D_REENTRANT   -O3 -ggdb3 -Wall -Wextra -Wdeprecated-declarations -Wdivision-by-zero -Wimplicit-function-declaration -Wimplicit-int -Wmisleading-indentation -Wpointer-arith -Wshorten-64-to-32 -Wwrite-strings -Wmissing-noreturn -Wno-constant-logical-operand -Wno-long-long -Wno-missing-field-initializers -Wno-overlength-strings -Wno-parentheses-equality -Wno-self-assign -Wno-tautological-compare -Wno-unused-parameter -Wno-unused-value -Wunused-variable -Wextra-tokens -fno-common -pipe conftest.c  -L. -L/nix/store/zk2fhqzacf0pfap22n8hnffbj9z3yx96-ruby-3.0.4/lib -L. -fstack-protector-strong -L/nix/store/i7jiw3zzib7sm0hfkmdkl2525yrhmpj2-gettext-0.21/lib -L/nix/store/vfwhkl9miw5h4955rzp9la5yyy0q2zli-libffi-3.4.2-dev/lib -L/nix/store/97zb7agxm5ag5niyxhf2mjbdm5sq1kb3-ncurses-6.2-dev/lib -L/nix/store/3vrxhq4fwlx7j9dad2va2481malfj6l4-zlib-1.2.12-dev/lib -L/nix/store/8psnqj6xv8jhqhxgwab35y9xcwxl6g8p-openssl-1.1.1o-dev/lib -L/nix/store/fnwrplqlsx1qzbwfx8l8p9j1v152xjb4-gdbm-1.20/lib -L/nix/store/s692kf9n0klnkhijsd0bdfmmdmqss75k-libyaml-0.2.5/lib -L/nix/store/hnnnnihav55z9zs5pngg18h0v80rgbd2-libiconv-50/lib -L/nix/store/alza34rj89hzx2bjm4bn6wcqr9b4mp1b-libobjc-11.0.0/lib -L/nix/store/nw3lbhn0gj968d8csqliv5akd7s7r8mw-libobjc-11.0.0/lib -L/nix/store/eeeeeeeeeeeeeeeeeeeeeeeeeeeeeeee-clang-wrapper-11.1.0/resource-root/lib -L/nix/store/brjkxprm5sw1nymsnm8q750i14rbaq2h-libSystem-11.0.0/lib  -m64   -lruby-3.0.4   "
ld: warning: directory not found for option '-L/nix/store/eeeeeeeeeeeeeeeeeeeeeeeeeeeeeeee-clang-wrapper-11.1.0/resource-root/lib'
checked program was:
/* begin */
 1: #include "ruby.h"
 2: 
 3: /*top*/
 4: extern int t(void);
 5: int main(int argc, char **argv)
 6: {
 7:   if (argc > 1000000) {
 8:     int (* volatile tp)(void)=(int (*)(void))&t;
 9:     printf("%d", (*tp)());
10:   }
11: 
12:   return !!argv[argc];
13: }
14: int t(void) { void ((*volatile p)()); p = (void ((*)()))rb_block_call; return !p; }
/* end */

--------------------

have_func: checking for rb_ary_subseq()... -------------------- yes

"clang -fdeclspec -o conftest -I/nix/store/zk2fhqzacf0pfap22n8hnffbj9z3yx96-ruby-3.0.4/include/ruby-3.0.0/arm64-darwin21 -I/nix/store/zk2fhqzacf0pfap22n8hnffbj9z3yx96-ruby-3.0.4/include/ruby-3.0.0/ruby/backward -I/nix/store/zk2fhqzacf0pfap22n8hnffbj9z3yx96-ruby-3.0.4/include/ruby-3.0.0 -I. -D_XOPEN_SOURCE -D_DARWIN_C_SOURCE -D_DARWIN_UNLIMITED_SELECT -D_REENTRANT   -O3 -ggdb3 -Wall -Wextra -Wdeprecated-declarations -Wdivision-by-zero -Wimplicit-function-declaration -Wimplicit-int -Wmisleading-indentation -Wpointer-arith -Wshorten-64-to-32 -Wwrite-strings -Wmissing-noreturn -Wno-constant-logical-operand -Wno-long-long -Wno-missing-field-initializers -Wno-overlength-strings -Wno-parentheses-equality -Wno-self-assign -Wno-tautological-compare -Wno-unused-parameter -Wno-unused-value -Wunused-variable -Wextra-tokens -fno-common -pipe conftest.c  -L. -L/nix/store/zk2fhqzacf0pfap22n8hnffbj9z3yx96-ruby-3.0.4/lib -L. -fstack-protector-strong -L/nix/store/i7jiw3zzib7sm0hfkmdkl2525yrhmpj2-gettext-0.21/lib -L/nix/store/vfwhkl9miw5h4955rzp9la5yyy0q2zli-libffi-3.4.2-dev/lib -L/nix/store/97zb7agxm5ag5niyxhf2mjbdm5sq1kb3-ncurses-6.2-dev/lib -L/nix/store/3vrxhq4fwlx7j9dad2va2481malfj6l4-zlib-1.2.12-dev/lib -L/nix/store/8psnqj6xv8jhqhxgwab35y9xcwxl6g8p-openssl-1.1.1o-dev/lib -L/nix/store/fnwrplqlsx1qzbwfx8l8p9j1v152xjb4-gdbm-1.20/lib -L/nix/store/s692kf9n0klnkhijsd0bdfmmdmqss75k-libyaml-0.2.5/lib -L/nix/store/hnnnnihav55z9zs5pngg18h0v80rgbd2-libiconv-50/lib -L/nix/store/alza34rj89hzx2bjm4bn6wcqr9b4mp1b-libobjc-11.0.0/lib -L/nix/store/nw3lbhn0gj968d8csqliv5akd7s7r8mw-libobjc-11.0.0/lib -L/nix/store/eeeeeeeeeeeeeeeeeeeeeeeeeeeeeeee-clang-wrapper-11.1.0/resource-root/lib -L/nix/store/brjkxprm5sw1nymsnm8q750i14rbaq2h-libSystem-11.0.0/lib  -m64   -lruby-3.0.4   "
ld: warning: directory not found for option '-L/nix/store/eeeeeeeeeeeeeeeeeeeeeeeeeeeeeeee-clang-wrapper-11.1.0/resource-root/lib'
checked program was:
/* begin */
 1: #include "ruby.h"
 2: 
 3: /*top*/
 4: extern int t(void);
 5: int main(int argc, char **argv)
 6: {
 7:   if (argc > 1000000) {
 8:     int (* volatile tp)(void)=(int (*)(void))&t;
 9:     printf("%d", (*tp)());
10:   }
11: 
12:   return !!argv[argc];
13: }
14: int t(void) { void ((*volatile p)()); p = (void ((*)()))rb_ary_subseq; return !p; }
/* end */

--------------------

